#! /c/Source/iverilog-install/bin/vvp
:ivl_version "12.0 (devel)" "(s20150603-1110-g18392a46)";
:ivl_delay_selection "TYPICAL";
:vpi_time_precision + 0;
:vpi_module "C:\iverilog\lib\ivl\system.vpi";
:vpi_module "C:\iverilog\lib\ivl\vhdl_sys.vpi";
:vpi_module "C:\iverilog\lib\ivl\vhdl_textio.vpi";
:vpi_module "C:\iverilog\lib\ivl\v2005_math.vpi";
:vpi_module "C:\iverilog\lib\ivl\va_math.vpi";
S_000002954b55e2b0 .scope module, "aluControlUnit" "aluControlUnit" 2 16;
 .timescale 0 0;
    .port_info 0 /INPUT 2 "alu_op";
    .port_info 1 /INPUT 6 "instruction_5_0";
    .port_info 2 /OUTPUT 4 "alu_out";
L_000002954b572d30 .functor BUFZ 4, v000002954b599b10_0, C4<0000>, C4<0000>, C4<0000>;
o000002954b5aafd8 .functor BUFZ 2, C4<zz>; HiZ drive
v000002954b599110_0 .net "alu_op", 1 0, o000002954b5aafd8;  0 drivers
v000002954b5992f0_0 .net "alu_out", 3 0, L_000002954b572d30;  1 drivers
v000002954b599b10_0 .var "alu_out_reg", 3 0;
o000002954b5ab068 .functor BUFZ 6, C4<zzzzzz>; HiZ drive
v000002954b599390_0 .net "instruction_5_0", 5 0, o000002954b5ab068;  0 drivers
E_000002954b5964b0 .event anyedge, v000002954b599110_0, v000002954b599390_0;
S_000002954b55e440 .scope module, "controlUnit" "controlUnit" 3 16;
 .timescale 0 0;
    .port_info 0 /INPUT 6 "instr_op";
    .port_info 1 /OUTPUT 1 "reg_dst";
    .port_info 2 /OUTPUT 1 "branch";
    .port_info 3 /OUTPUT 1 "mem_read";
    .port_info 4 /OUTPUT 1 "mem_to_reg";
    .port_info 5 /OUTPUT 2 "alu_op";
    .port_info 6 /OUTPUT 1 "mem_write";
    .port_info 7 /OUTPUT 1 "alu_src";
    .port_info 8 /OUTPUT 1 "reg_write";
v000002954b599610_0 .net *"_ivl_17", 0 0, L_000002954b5a32a0;  1 drivers
v000002954b599430_0 .net *"_ivl_22", 0 0, L_000002954b5a1ea0;  1 drivers
v000002954b599bb0_0 .net "alu_op", 1 0, L_000002954b5a2a80;  1 drivers
v000002954b599d90_0 .var "alu_op_reg", 1 0;
v000002954b599570_0 .net "alu_src", 0 0, L_000002954b5a1c20;  1 drivers
v000002954b598e90_0 .net "branch", 0 0, L_000002954b5a2120;  1 drivers
v000002954b598fd0_0 .var "control_signals", 8 0;
o000002954b5ab278 .functor BUFZ 6, C4<zzzzzz>; HiZ drive
v000002954b599070_0 .net "instr_op", 5 0, o000002954b5ab278;  0 drivers
v000002954b599c50_0 .net "mem_read", 0 0, L_000002954b5a2580;  1 drivers
v000002954b599250_0 .net "mem_to_reg", 0 0, L_000002954b5a35c0;  1 drivers
v000002954b5996b0_0 .net "mem_write", 0 0, L_000002954b5a26c0;  1 drivers
v000002954b599750_0 .net "reg_dst", 0 0, L_000002954b5999d0;  1 drivers
v000002954b599930_0 .net "reg_write", 0 0, L_000002954b5a29e0;  1 drivers
E_000002954b5961f0 .event anyedge, v000002954b599070_0, v000002954b598fd0_0;
L_000002954b5999d0 .part v000002954b598fd0_0, 8, 1;
L_000002954b5a1c20 .part v000002954b598fd0_0, 7, 1;
L_000002954b5a35c0 .part v000002954b598fd0_0, 6, 1;
L_000002954b5a29e0 .part v000002954b598fd0_0, 5, 1;
L_000002954b5a2580 .part v000002954b598fd0_0, 4, 1;
L_000002954b5a26c0 .part v000002954b598fd0_0, 3, 1;
L_000002954b5a2120 .part v000002954b598fd0_0, 2, 1;
L_000002954b5a32a0 .part v000002954b598fd0_0, 1, 1;
L_000002954b5a2a80 .concat8 [ 1 1 0 0], L_000002954b5a1ea0, L_000002954b5a32a0;
L_000002954b5a1ea0 .part v000002954b598fd0_0, 0, 1;
    .scope S_000002954b55e2b0;
T_0 ;
    %wait E_000002954b5964b0;
    %load/vec4 v000002954b599110_0;
    %load/vec4 v000002954b599390_0;
    %concat/vec4; draw_concat_vec4
    %dup/vec4;
    %pushi/vec4 63, 63, 8;
    %cmp/x;
    %jmp/1 T_0.0, 4;
    %dup/vec4;
    %pushi/vec4 63, 63, 8;
    %cmp/x;
    %jmp/1 T_0.1, 4;
    %dup/vec4;
    %pushi/vec4 127, 63, 8;
    %cmp/x;
    %jmp/1 T_0.2, 4;
    %dup/vec4;
    %pushi/vec4 160, 0, 8;
    %cmp/x;
    %jmp/1 T_0.3, 4;
    %dup/vec4;
    %pushi/vec4 162, 0, 8;
    %cmp/x;
    %jmp/1 T_0.4, 4;
    %dup/vec4;
    %pushi/vec4 164, 0, 8;
    %cmp/x;
    %jmp/1 T_0.5, 4;
    %dup/vec4;
    %pushi/vec4 165, 0, 8;
    %cmp/x;
    %jmp/1 T_0.6, 4;
    %dup/vec4;
    %pushi/vec4 167, 0, 8;
    %cmp/x;
    %jmp/1 T_0.7, 4;
    %dup/vec4;
    %pushi/vec4 170, 0, 8;
    %cmp/x;
    %jmp/1 T_0.8, 4;
    %jmp T_0.9;
T_0.0 ;
    %pushi/vec4 2, 0, 4;
    %store/vec4 v000002954b599b10_0, 0, 4;
    %jmp T_0.9;
T_0.1 ;
    %pushi/vec4 2, 0, 4;
    %store/vec4 v000002954b599b10_0, 0, 4;
    %jmp T_0.9;
T_0.2 ;
    %pushi/vec4 6, 0, 4;
    %store/vec4 v000002954b599b10_0, 0, 4;
    %jmp T_0.9;
T_0.3 ;
    %pushi/vec4 2, 0, 4;
    %store/vec4 v000002954b599b10_0, 0, 4;
    %jmp T_0.9;
T_0.4 ;
    %pushi/vec4 6, 0, 4;
    %store/vec4 v000002954b599b10_0, 0, 4;
    %jmp T_0.9;
T_0.5 ;
    %pushi/vec4 0, 0, 4;
    %store/vec4 v000002954b599b10_0, 0, 4;
    %jmp T_0.9;
T_0.6 ;
    %pushi/vec4 1, 0, 4;
    %store/vec4 v000002954b599b10_0, 0, 4;
    %jmp T_0.9;
T_0.7 ;
    %pushi/vec4 12, 0, 4;
    %store/vec4 v000002954b599b10_0, 0, 4;
    %jmp T_0.9;
T_0.8 ;
    %pushi/vec4 7, 0, 4;
    %store/vec4 v000002954b599b10_0, 0, 4;
    %jmp T_0.9;
T_0.9 ;
    %pop/vec4 1;
    %jmp T_0;
    .thread T_0, $push;
    .scope S_000002954b55e440;
T_1 ;
    %wait E_000002954b5961f0;
    %load/vec4 v000002954b599070_0;
    %dup/vec4;
    %pushi/vec4 0, 0, 6;
    %cmp/u;
    %jmp/1 T_1.0, 6;
    %dup/vec4;
    %pushi/vec4 35, 0, 6;
    %cmp/u;
    %jmp/1 T_1.1, 6;
    %dup/vec4;
    %pushi/vec4 43, 0, 6;
    %cmp/u;
    %jmp/1 T_1.2, 6;
    %dup/vec4;
    %pushi/vec4 4, 0, 6;
    %cmp/u;
    %jmp/1 T_1.3, 6;
    %dup/vec4;
    %pushi/vec4 8, 0, 6;
    %cmp/u;
    %jmp/1 T_1.4, 6;
    %jmp T_1.5;
T_1.0 ;
    %pushi/vec4 290, 0, 9;
    %store/vec4 v000002954b598fd0_0, 0, 9;
    %jmp T_1.5;
T_1.1 ;
    %pushi/vec4 240, 0, 9;
    %store/vec4 v000002954b598fd0_0, 0, 9;
    %jmp T_1.5;
T_1.2 ;
    %pushi/vec4 456, 320, 9;
    %store/vec4 v000002954b598fd0_0, 0, 9;
    %jmp T_1.5;
T_1.3 ;
    %pushi/vec4 325, 320, 9;
    %store/vec4 v000002954b598fd0_0, 0, 9;
    %jmp T_1.5;
T_1.4 ;
    %pushi/vec4 418, 0, 9;
    %store/vec4 v000002954b598fd0_0, 0, 9;
    %jmp T_1.5;
T_1.5 ;
    %pop/vec4 1;
    %load/vec4 v000002954b598fd0_0;
    %parti/s 2, 0, 2;
    %store/vec4 v000002954b599d90_0, 0, 2;
    %jmp T_1;
    .thread T_1, $push;
# The file index is used to find the file name in the following table.
:file_names 4;
    "N/A";
    "<interactive>";
    "aluControlUnit.v";
    "controlUnit.v";
