#! /c/Source/iverilog-install/bin/vvp
:ivl_version "12.0 (devel)" "(s20150603-1110-g18392a46)";
:ivl_delay_selection "TYPICAL";
:vpi_time_precision - 12;
:vpi_module "C:\iverilog\lib\ivl\system.vpi";
:vpi_module "C:\iverilog\lib\ivl\vhdl_sys.vpi";
:vpi_module "C:\iverilog\lib\ivl\vhdl_textio.vpi";
:vpi_module "C:\iverilog\lib\ivl\v2005_math.vpi";
:vpi_module "C:\iverilog\lib\ivl\va_math.vpi";
S_0000011e35304720 .scope module, "fixedFloatConversion_tb" "fixedFloatConversion_tb" 2 18;
 .timescale -9 -12;
v0000011e3535f8a0_0 .var "R", 31 0;
v0000011e3535f940_0 .var "clk", 0 0;
v0000011e3535f9e0_0 .var/i "failedTests", 31 0;
v0000011e35361030_0 .var "fixpointpos", 4 0;
v0000011e35361b70_0 .var "opcode", 0 0;
v0000011e35360ef0_0 .net "resultnumber", 31 0, v0000011e3535f4e0_0;  1 drivers
v0000011e35361df0_0 .var "rst", 0 0;
v0000011e35360130_0 .var "targetnumber", 31 0;
v0000011e35361850_0 .var/i "totalTests", 31 0;
E_0000011e35303420 .event negedge, v0000011e3535fbc0_0;
S_0000011e352ff6e0 .scope module, "uut" "fixedFloatConversion" 2 32, 3 22 0, S_0000011e35304720;
 .timescale -9 -12;
    .port_info 0 /INPUT 1 "clk";
    .port_info 1 /INPUT 1 "rst";
    .port_info 2 /INPUT 32 "targetnumber";
    .port_info 3 /INPUT 5 "fixpointpos";
    .port_info 4 /INPUT 1 "opcode";
    .port_info 5 /OUTPUT 32 "result";
v0000011e3535fd00_0 .net "clk", 0 0, v0000011e3535f940_0;  1 drivers
v0000011e3535f300_0 .net "fixpointpos", 4 0, v0000011e35361030_0;  1 drivers
v0000011e3535f3a0_0 .net "fixresult", 31 0, v0000011e3535f800_0;  1 drivers
v0000011e3535fda0_0 .net "floatresult", 31 0, v0000011e352e00b0_0;  1 drivers
v0000011e3535fe40_0 .net "opcode", 0 0, v0000011e35361b70_0;  1 drivers
v0000011e3535f4e0_0 .var "result", 31 0;
v0000011e3535f580_0 .net "rst", 0 0, v0000011e35361df0_0;  1 drivers
v0000011e3535f760_0 .net "targetnumber", 31 0, v0000011e35360130_0;  1 drivers
E_0000011e35303e20 .event posedge, v0000011e352c4a90_0;
S_0000011e352ff870 .scope module, "fixToFloat" "fixedToFloat" 3 36, 4 18 0, S_0000011e352ff6e0;
 .timescale -9 -12;
    .port_info 0 /INPUT 1 "clk";
    .port_info 1 /INPUT 1 "rst";
    .port_info 2 /INPUT 32 "targetnumber";
    .port_info 3 /INPUT 5 "fixpointpos";
    .port_info 4 /OUTPUT 32 "result";
v0000011e352c4a90_0 .net "clk", 0 0, v0000011e3535f940_0;  alias, 1 drivers
v0000011e352fb940_0 .var "exponent_bits", 7 0;
v0000011e352c4580_0 .var/i "first_one_index", 31 0;
v0000011e353048b0_0 .net "fixpointpos", 4 0, v0000011e35361030_0;  alias, 1 drivers
v0000011e352fcb30_0 .var/i "last_one_index", 31 0;
v0000011e352f9720_0 .var "mantissa_bits", 22 0;
v0000011e352dff70_0 .var/i "mantissa_position", 31 0;
v0000011e352e0010_0 .var/i "point_position", 31 0;
v0000011e352e00b0_0 .var "result", 31 0;
v0000011e3535fbc0_0 .net "rst", 0 0, v0000011e35361df0_0;  alias, 1 drivers
v0000011e3535fc60_0 .net "targetnumber", 31 0, v0000011e35360130_0;  alias, 1 drivers
v0000011e3535fb20_0 .var "targetnumber_copy", 31 0;
E_0000011e35303b60/0 .event anyedge, v0000011e3535fc60_0, v0000011e3535fb20_0, v0000011e352dff70_0, v0000011e352fcb30_0;
E_0000011e35303b60/1 .event anyedge, v0000011e353048b0_0, v0000011e352c4580_0, v0000011e352e0010_0, v0000011e352fb940_0;
E_0000011e35303b60/2 .event anyedge, v0000011e352f9720_0, v0000011e352e00b0_0;
E_0000011e35303b60 .event/or E_0000011e35303b60/0, E_0000011e35303b60/1, E_0000011e35303b60/2;
S_0000011e352d1640 .scope begin, "$ivl_for_loop0" "$ivl_for_loop0" 4 69, 4 69 0, S_0000011e352ff870;
 .timescale -9 -12;
v0000011e352c1b80_0 .var/i "i", 31 0;
S_0000011e352d17d0 .scope begin, "$ivl_for_loop1" "$ivl_for_loop1" 4 75, 4 75 0, S_0000011e352d1640;
 .timescale -9 -12;
v0000011e352ffa00_0 .var/i "x", 31 0;
S_0000011e352d1960 .scope begin, "$ivl_for_loop2" "$ivl_for_loop2" 4 94, 4 94 0, S_0000011e352ff870;
 .timescale -9 -12;
v0000011e35292bc0_0 .var/i "j", 31 0;
S_0000011e352dfde0 .scope begin, "$ivl_for_loop3" "$ivl_for_loop3" 4 98, 4 98 0, S_0000011e352ff870;
 .timescale -9 -12;
v0000011e35292de0_0 .var/i "i", 31 0;
S_0000011e352d9a00 .scope module, "floatToFix" "floatToFixed" 3 43, 5 18 0, S_0000011e352ff6e0;
 .timescale -9 -12;
    .port_info 0 /INPUT 1 "clk";
    .port_info 1 /INPUT 1 "rst";
    .port_info 2 /INPUT 32 "float";
    .port_info 3 /INPUT 5 "fixpointpos";
    .port_info 4 /OUTPUT 32 "result";
v0000011e3535f620_0 .net "clk", 0 0, v0000011e3535f940_0;  alias, 1 drivers
v0000011e3535f080_0 .net "fixpointpos", 4 0, v0000011e35361030_0;  alias, 1 drivers
v0000011e3535f440_0 .net "float", 31 0, v0000011e35360130_0;  alias, 1 drivers
v0000011e3535f120_0 .var/i "last_one_mantissa", 31 0;
v0000011e3535fa80_0 .var/i "last_point_before_putting_one", 31 0;
v0000011e3535f800_0 .var "result", 31 0;
v0000011e3535f1c0_0 .var "result_copy", 31 0;
v0000011e3535f260_0 .net "rst", 0 0, v0000011e35361df0_0;  alias, 1 drivers
E_0000011e35303860/0 .event anyedge, v0000011e3535fc60_0, v0000011e3535f120_0, v0000011e3535fa80_0, v0000011e3535f800_0;
E_0000011e35303860/1 .event anyedge, v0000011e3535f1c0_0;
E_0000011e35303860 .event/or E_0000011e35303860/0, E_0000011e35303860/1;
S_0000011e352d9b90 .scope begin, "$ivl_for_loop4" "$ivl_for_loop4" 5 55, 5 55 0, S_0000011e352d9a00;
 .timescale -9 -12;
v0000011e3535ff80_0 .var/i "i", 31 0;
S_0000011e352d9d20 .scope begin, "$ivl_for_loop5" "$ivl_for_loop5" 5 64, 5 64 0, S_0000011e352d9a00;
 .timescale -9 -12;
v0000011e3535f6c0_0 .var/i "x", 31 0;
S_0000011e352fe570 .scope begin, "$ivl_for_loop6" "$ivl_for_loop6" 5 79, 5 79 0, S_0000011e352d9a00;
 .timescale -9 -12;
v0000011e3535fee0_0 .var/i "z", 31 0;
    .scope S_0000011e352ff870;
T_0 ;
    %wait E_0000011e35303b60;
    %load/vec4 v0000011e3535fc60_0;
    %store/vec4 v0000011e3535fb20_0, 0, 32;
    %load/vec4 v0000011e3535fc60_0;
    %parti/s 1, 31, 6;
    %pad/u 32;
    %cmpi/e 1, 0, 32;
    %jmp/0xz  T_0.0, 4;
    %load/vec4 v0000011e3535fc60_0;
    %inv;
    %store/vec4 v0000011e3535fb20_0, 0, 32;
    ; show_stmt_assign_vector: Get l-value for compressed += operand
    %load/vec4 v0000011e3535fb20_0;
    %pushi/vec4 1, 0, 32;
    %add;
    %store/vec4 v0000011e3535fb20_0, 0, 32;
    %pushi/vec4 1, 0, 1;
    %ix/load 4, 31, 0;
    %flag_set/imm 4, 0;
    %store/vec4 v0000011e352e00b0_0, 4, 1;
    %jmp T_0.1;
T_0.0 ;
    %pushi/vec4 0, 0, 1;
    %ix/load 4, 31, 0;
    %flag_set/imm 4, 0;
    %store/vec4 v0000011e352e00b0_0, 4, 1;
T_0.1 ;
    %fork t_1, S_0000011e352d1640;
    %jmp t_0;
    .scope S_0000011e352d1640;
t_1 ;
    %pushi/vec4 31, 0, 32;
    %store/vec4 v0000011e352c1b80_0, 0, 32;
T_0.2 ;
    %load/vec4 v0000011e352c1b80_0;
    %cmpi/s 0, 0, 32;
    %flag_or 5, 4; GT is !LE
    %flag_inv 5;
    %jmp/0xz T_0.3, 5;
    %load/vec4 v0000011e3535fb20_0;
    %load/vec4 v0000011e352c1b80_0;
    %part/s 1;
    %cmpi/e 1, 0, 1;
    %jmp/0xz  T_0.4, 4;
    %load/vec4 v0000011e352c1b80_0;
    %store/vec4 v0000011e352c4580_0, 0, 32;
    %pushi/vec4 22, 0, 32;
    %store/vec4 v0000011e352dff70_0, 0, 32;
    %fork t_3, S_0000011e352d17d0;
    %jmp t_2;
    .scope S_0000011e352d17d0;
t_3 ;
    %load/vec4 v0000011e352c1b80_0;
    %subi 1, 0, 32;
    %store/vec4 v0000011e352ffa00_0, 0, 32;
T_0.6 ;
    %load/vec4 v0000011e352ffa00_0;
    %cmpi/s 0, 0, 32;
    %flag_inv 5; GE is !LT
    %jmp/0xz T_0.7, 5;
    %load/vec4 v0000011e3535fb20_0;
    %load/vec4 v0000011e352ffa00_0;
    %part/s 1;
    %ix/getv/s 4, v0000011e352dff70_0;
    %store/vec4 v0000011e352f9720_0, 4, 1;
    ; show_stmt_assign_vector: Get l-value for compressed -= operand
    %load/vec4 v0000011e352dff70_0;
    %pushi/vec4 1, 0, 32;
    %sub;
    %store/vec4 v0000011e352dff70_0, 0, 32;
    ; show_stmt_assign_vector: Get l-value for compressed -= operand
    %load/vec4 v0000011e352ffa00_0;
    %pushi/vec4 1, 0, 32;
    %sub;
    %store/vec4 v0000011e352ffa00_0, 0, 32;
    %jmp T_0.6;
T_0.7 ;
    %end;
    .scope S_0000011e352d1640;
t_2 %join;
    %pushi/vec4 4294967295, 0, 32;
    %store/vec4 v0000011e352c1b80_0, 0, 32;
T_0.4 ;
    ; show_stmt_assign_vector: Get l-value for compressed -= operand
    %load/vec4 v0000011e352c1b80_0;
    %pushi/vec4 1, 0, 32;
    %sub;
    %store/vec4 v0000011e352c1b80_0, 0, 32;
    %jmp T_0.2;
T_0.3 ;
    %end;
    .scope S_0000011e352ff870;
t_0 %join;
    %fork t_5, S_0000011e352d1960;
    %jmp t_4;
    .scope S_0000011e352d1960;
t_5 ;
    %load/vec4 v0000011e352dff70_0;
    %store/vec4 v0000011e35292bc0_0, 0, 32;
T_0.8 ;
    %load/vec4 v0000011e35292bc0_0;
    %cmpi/s 0, 0, 32;
    %flag_inv 5; GE is !LT
    %jmp/0xz T_0.9, 5;
    %pushi/vec4 0, 0, 1;
    %ix/getv/s 4, v0000011e35292bc0_0;
    %store/vec4 v0000011e352f9720_0, 4, 1;
    ; show_stmt_assign_vector: Get l-value for compressed -= operand
    %load/vec4 v0000011e35292bc0_0;
    %pushi/vec4 1, 0, 32;
    %sub;
    %store/vec4 v0000011e35292bc0_0, 0, 32;
    %jmp T_0.8;
T_0.9 ;
    %end;
    .scope S_0000011e352ff870;
t_4 %join;
    %fork t_7, S_0000011e352dfde0;
    %jmp t_6;
    .scope S_0000011e352dfde0;
t_7 ;
    %pushi/vec4 0, 0, 32;
    %store/vec4 v0000011e35292de0_0, 0, 32;
T_0.10 ;
    %load/vec4 v0000011e35292de0_0;
    %cmpi/s 31, 0, 32;
    %jmp/0xz T_0.11, 5;
    %load/vec4 v0000011e3535fb20_0;
    %load/vec4 v0000011e35292de0_0;
    %part/s 1;
    %cmpi/e 1, 0, 1;
    %jmp/0xz  T_0.12, 4;
    %load/vec4 v0000011e35292de0_0;
    %store/vec4 v0000011e352fcb30_0, 0, 32;
    %pushi/vec4 36, 0, 32;
    %store/vec4 v0000011e35292de0_0, 0, 32;
T_0.12 ;
    ; show_stmt_assign_vector: Get l-value for compressed += operand
    %load/vec4 v0000011e35292de0_0;
    %pushi/vec4 1, 0, 32;
    %add;
    %store/vec4 v0000011e35292de0_0, 0, 32;
    %jmp T_0.10;
T_0.11 ;
    %end;
    .scope S_0000011e352ff870;
t_6 %join;
    %load/vec4 v0000011e352fcb30_0;
    %load/vec4 v0000011e353048b0_0;
    %pad/u 32;
    %add;
    %store/vec4 v0000011e352e0010_0, 0, 32;
    %load/vec4 v0000011e352c4580_0;
    %load/vec4 v0000011e352e0010_0;
    %sub;
    %pad/s 8;
    %store/vec4 v0000011e352fb940_0, 0, 8;
    ; show_stmt_assign_vector: Get l-value for compressed += operand
    %load/vec4 v0000011e352fb940_0;
    %pushi/vec4 127, 0, 8;
    %add;
    %store/vec4 v0000011e352fb940_0, 0, 8;
    %load/vec4 v0000011e352fb940_0;
    %ix/load 4, 23, 0;
    %flag_set/imm 4, 0;
    %store/vec4 v0000011e352e00b0_0, 4, 8;
    %load/vec4 v0000011e352f9720_0;
    %ix/load 4, 0, 0;
    %flag_set/imm 4, 0;
    %store/vec4 v0000011e352e00b0_0, 4, 23;
    %vpi_call 4 129 "$write", "\012fixpointpos %b\012 ", v0000011e353048b0_0 {0 0 0};
    %vpi_call 4 130 "$write", "targetnumber %b\012", v0000011e3535fc60_0 {0 0 0};
    %vpi_call 4 131 "$write", "targetnumber_copy %b\012", v0000011e3535fc60_0 {0 0 0};
    %vpi_call 4 132 "$write", "result %b_%b_%b\012", &PV<v0000011e352e00b0_0, 31, 1>, &PV<v0000011e352e00b0_0, 23, 8>, &PV<v0000011e352e00b0_0, 0, 23> {0 0 0};
    %load/vec4 v0000011e352e00b0_0;
    %assign/vec4 v0000011e352e00b0_0, 0;
    %load/vec4 v0000011e352e00b0_0;
    %store/vec4 v0000011e352e00b0_0, 0, 32;
    %jmp T_0;
    .thread T_0, $push;
    .scope S_0000011e352d9a00;
T_1 ;
    %wait E_0000011e35303860;
    %fork t_9, S_0000011e352d9b90;
    %jmp t_8;
    .scope S_0000011e352d9b90;
t_9 ;
    %pushi/vec4 0, 0, 32;
    %store/vec4 v0000011e3535ff80_0, 0, 32;
T_1.0 ;
    %load/vec4 v0000011e3535ff80_0;
    %cmpi/s 23, 0, 32;
    %jmp/0xz T_1.1, 5;
    %load/vec4 v0000011e3535f440_0;
    %load/vec4 v0000011e3535ff80_0;
    %part/s 1;
    %cmpi/e 1, 0, 1;
    %jmp/0xz  T_1.2, 4;
    %load/vec4 v0000011e3535ff80_0;
    %store/vec4 v0000011e3535f120_0, 0, 32;
    %pushi/vec4 100, 0, 32;
    %store/vec4 v0000011e3535ff80_0, 0, 32;
T_1.2 ;
    ; show_stmt_assign_vector: Get l-value for compressed += operand
    %load/vec4 v0000011e3535ff80_0;
    %pushi/vec4 1, 0, 32;
    %add;
    %store/vec4 v0000011e3535ff80_0, 0, 32;
    %jmp T_1.0;
T_1.1 ;
    %end;
    .scope S_0000011e352d9a00;
t_8 %join;
    %fork t_11, S_0000011e352d9d20;
    %jmp t_10;
    .scope S_0000011e352d9d20;
t_11 ;
    %pushi/vec4 0, 0, 32;
    %store/vec4 v0000011e3535f6c0_0, 0, 32;
T_1.4 ;
    %load/vec4 v0000011e3535f6c0_0;
    %cmpi/s 23, 0, 32;
    %jmp/0xz T_1.5, 5;
    %load/vec4 v0000011e3535f440_0;
    %load/vec4 v0000011e3535f120_0;
    %part/s 1;
    %ix/getv/s 4, v0000011e3535f6c0_0;
    %store/vec4 v0000011e3535f800_0, 4, 1;
    ; show_stmt_assign_vector: Get l-value for compressed += operand
    %load/vec4 v0000011e3535f120_0;
    %pushi/vec4 1, 0, 32;
    %add;
    %store/vec4 v0000011e3535f120_0, 0, 32;
    %load/vec4 v0000011e3535f6c0_0;
    %store/vec4 v0000011e3535fa80_0, 0, 32;
    %load/vec4 v0000011e3535f120_0;
    %cmpi/s 23, 0, 32;
    %flag_or 5, 4; GT is !LE
    %flag_inv 5;
    %jmp/0xz  T_1.6, 5;
    %pushi/vec4 100, 0, 32;
    %store/vec4 v0000011e3535f6c0_0, 0, 32;
T_1.6 ;
    ; show_stmt_assign_vector: Get l-value for compressed += operand
    %load/vec4 v0000011e3535f6c0_0;
    %pushi/vec4 1, 0, 32;
    %add;
    %store/vec4 v0000011e3535f6c0_0, 0, 32;
    %jmp T_1.4;
T_1.5 ;
    %end;
    .scope S_0000011e352d9a00;
t_10 %join;
    ; show_stmt_assign_vector: Get l-value for compressed += operand
    %load/vec4 v0000011e3535fa80_0;
    %pushi/vec4 1, 0, 32;
    %add;
    %store/vec4 v0000011e3535fa80_0, 0, 32;
    %pushi/vec4 0, 0, 1;
    %ix/getv/s 4, v0000011e3535fa80_0;
    %store/vec4 v0000011e3535f800_0, 4, 1;
    %fork t_13, S_0000011e352fe570;
    %jmp t_12;
    .scope S_0000011e352fe570;
t_13 ;
    %load/vec4 v0000011e3535fa80_0;
    %store/vec4 v0000011e3535fee0_0, 0, 32;
T_1.8 ;
    %load/vec4 v0000011e3535fee0_0;
    %cmpi/s 32, 0, 32;
    %jmp/0xz T_1.9, 5;
    %pushi/vec4 0, 0, 1;
    %ix/getv/s 4, v0000011e3535fee0_0;
    %store/vec4 v0000011e3535f800_0, 4, 1;
    ; show_stmt_assign_vector: Get l-value for compressed += operand
    %load/vec4 v0000011e3535fee0_0;
    %pushi/vec4 1, 0, 32;
    %add;
    %store/vec4 v0000011e3535fee0_0, 0, 32;
    %jmp T_1.8;
T_1.9 ;
    %end;
    .scope S_0000011e352d9a00;
t_12 %join;
    %load/vec4 v0000011e3535f440_0;
    %parti/s 1, 31, 6;
    %cmpi/e 1, 0, 1;
    %jmp/0xz  T_1.10, 4;
    %load/vec4 v0000011e3535f800_0;
    %inv;
    %store/vec4 v0000011e3535f1c0_0, 0, 32;
    ; show_stmt_assign_vector: Get l-value for compressed += operand
    %load/vec4 v0000011e3535f1c0_0;
    %pushi/vec4 1, 0, 32;
    %add;
    %store/vec4 v0000011e3535f1c0_0, 0, 32;
    %load/vec4 v0000011e3535f1c0_0;
    %store/vec4 v0000011e3535f800_0, 0, 32;
    %load/vec4 v0000011e3535f800_0;
    %assign/vec4 v0000011e3535f800_0, 0;
T_1.10 ;
    %jmp T_1;
    .thread T_1, $push;
    .scope S_0000011e352ff6e0;
T_2 ;
    %wait E_0000011e35303e20;
    %load/vec4 v0000011e3535fe40_0;
    %pad/u 32;
    %cmpi/e 1, 0, 32;
    %flag_mov 8, 4;
    %jmp/0 T_2.0, 8;
    %load/vec4 v0000011e3535f3a0_0;
    %jmp/1 T_2.1, 8;
T_2.0 ; End of true expr.
    %load/vec4 v0000011e3535fda0_0;
    %jmp/0 T_2.1, 8;
 ; End of false expr.
    %blend;
T_2.1;
    %assign/vec4 v0000011e3535f4e0_0, 0;
    %jmp T_2;
    .thread T_2;
    .scope S_0000011e35304720;
T_3 ;
    %pushi/vec4 0, 0, 32;
    %store/vec4 v0000011e3535f9e0_0, 0, 32;
    %pushi/vec4 0, 0, 32;
    %store/vec4 v0000011e35361850_0, 0, 32;
    %end;
    .thread T_3;
    .scope S_0000011e35304720;
T_4 ;
    %pushi/vec4 0, 0, 1;
    %store/vec4 v0000011e3535f940_0, 0, 1;
    %pushi/vec4 1, 0, 1;
    %store/vec4 v0000011e35361df0_0, 0, 1;
    %delay 50000, 0;
    %pushi/vec4 1, 0, 1;
    %store/vec4 v0000011e3535f940_0, 0, 1;
    %pushi/vec4 1, 0, 1;
    %store/vec4 v0000011e35361df0_0, 0, 1;
    %delay 50000, 0;
    %pushi/vec4 0, 0, 1;
    %store/vec4 v0000011e3535f940_0, 0, 1;
    %pushi/vec4 0, 0, 1;
    %store/vec4 v0000011e35361df0_0, 0, 1;
    %delay 50000, 0;
    %pushi/vec4 1, 0, 1;
    %store/vec4 v0000011e3535f940_0, 0, 1;
    %pushi/vec4 0, 0, 1;
    %store/vec4 v0000011e35361df0_0, 0, 1;
    %delay 50000, 0;
T_4.0 ;
    %load/vec4 v0000011e3535f940_0;
    %inv;
    %store/vec4 v0000011e3535f940_0, 0, 1;
    %delay 50000, 0;
    %jmp T_4.0;
    %end;
    .thread T_4;
    .scope S_0000011e35304720;
T_5 ;
    %wait E_0000011e35303420;
    %wait E_0000011e35303e20;
    %delay 10000, 0;
    %pushi/vec4 0, 0, 5;
    %store/vec4 v0000011e35361030_0, 0, 5;
    %pushi/vec4 0, 0, 32;
    %store/vec4 v0000011e35360130_0, 0, 32;
    %pushi/vec4 0, 0, 32;
    %store/vec4 v0000011e3535f8a0_0, 0, 32;
    %vpi_call 2 65 "$display", "Test Group 1: Testing Floating point to fixed point... " {0 0 0};
    %pushi/vec4 0, 0, 1;
    %store/vec4 v0000011e35361b70_0, 0, 1;
    %vpi_call 2 68 "$write", "\011Test Case 1.1: Convert 25.25 (011001.01,2=>0 10000011 1001010..)..." {0 0 0};
    %load/vec4 v0000011e35361850_0;
    %addi 1, 0, 32;
    %store/vec4 v0000011e35361850_0, 0, 32;
    %pushi/vec4 2, 0, 5;
    %store/vec4 v0000011e35361030_0, 0, 5;
    %pushi/vec4 101, 0, 32;
    %store/vec4 v0000011e35360130_0, 0, 32;
    %pushi/vec4 1103757312, 0, 32;
    %store/vec4 v0000011e3535f8a0_0, 0, 32;
    %delay 100000, 0;
    %vpi_call 2 75 "$write", "result %b_%b_%b\012", &PV<v0000011e35360ef0_0, 31, 1>, &PV<v0000011e35360ef0_0, 23, 8>, &PV<v0000011e35360ef0_0, 0, 23> {0 0 0};
    %load/vec4 v0000011e3535f8a0_0;
    %load/vec4 v0000011e35360ef0_0;
    %cmp/ne;
    %jmp/0xz  T_5.0, 4;
    %vpi_call 2 77 "$display", "failed: Expected: %b, got %b", v0000011e3535f8a0_0, v0000011e35360ef0_0 {0 0 0};
    %load/vec4 v0000011e3535f9e0_0;
    %addi 1, 0, 32;
    %store/vec4 v0000011e3535f9e0_0, 0, 32;
    %jmp T_5.1;
T_5.0 ;
    %vpi_call 2 80 "$display", "passed" {0 0 0};
T_5.1 ;
    %vpi_call 2 83 "$write", "\011Test Case 1.2: Convert -25.25 (011001.01,2=>1 10000011 1001010..)..." {0 0 0};
    %load/vec4 v0000011e35361850_0;
    %addi 1, 0, 32;
    %store/vec4 v0000011e35361850_0, 0, 32;
    %pushi/vec4 2, 0, 5;
    %store/vec4 v0000011e35361030_0, 0, 5;
    %pushi/vec4 4294967195, 0, 32;
    %store/vec4 v0000011e35360130_0, 0, 32;
    %pushi/vec4 3251240960, 0, 32;
    %store/vec4 v0000011e3535f8a0_0, 0, 32;
    %delay 100000, 0;
    %vpi_call 2 90 "$write", "result %b_%b_%b\012", &PV<v0000011e35360ef0_0, 31, 1>, &PV<v0000011e35360ef0_0, 23, 8>, &PV<v0000011e35360ef0_0, 0, 23> {0 0 0};
    %load/vec4 v0000011e3535f8a0_0;
    %load/vec4 v0000011e35360ef0_0;
    %cmp/ne;
    %jmp/0xz  T_5.2, 4;
    %vpi_call 2 92 "$display", "failed: Expected: %b, got %b", v0000011e3535f8a0_0, v0000011e35360ef0_0 {0 0 0};
    %load/vec4 v0000011e3535f9e0_0;
    %addi 1, 0, 32;
    %store/vec4 v0000011e3535f9e0_0, 0, 32;
    %jmp T_5.3;
T_5.2 ;
    %vpi_call 2 95 "$display", "passed" {0 0 0};
T_5.3 ;
    %vpi_call 2 98 "$write", "\011Test Case 1.3: Convert (Leading one index larger than mantissa size)..." {0 0 0};
    %load/vec4 v0000011e35361850_0;
    %addi 1, 0, 32;
    %store/vec4 v0000011e35361850_0, 0, 32;
    %pushi/vec4 8, 0, 5;
    %store/vec4 v0000011e35361030_0, 0, 5;
    %pushi/vec4 105906176, 0, 32;
    %store/vec4 v0000011e35360130_0, 0, 32;
    %pushi/vec4 1221197824, 0, 32;
    %store/vec4 v0000011e3535f8a0_0, 0, 32;
    %delay 100000, 0;
    %vpi_call 2 106 "$write", "result %b_%b_%b\012", &PV<v0000011e35360ef0_0, 31, 1>, &PV<v0000011e35360ef0_0, 23, 8>, &PV<v0000011e35360ef0_0, 0, 23> {0 0 0};
    %load/vec4 v0000011e3535f8a0_0;
    %load/vec4 v0000011e35360ef0_0;
    %cmp/ne;
    %jmp/0xz  T_5.4, 4;
    %vpi_call 2 108 "$display", "failed: Expected: %b, got %b", v0000011e3535f8a0_0, v0000011e35360ef0_0 {0 0 0};
    %load/vec4 v0000011e3535f9e0_0;
    %addi 1, 0, 32;
    %store/vec4 v0000011e3535f9e0_0, 0, 32;
    %jmp T_5.5;
T_5.4 ;
    %vpi_call 2 111 "$display", "passed" {0 0 0};
T_5.5 ;
    %vpi_call 2 114 "$write", "\011Test Case 1.4: Convert (Leading one index less than pixed point size)..." {0 0 0};
    %load/vec4 v0000011e35361850_0;
    %addi 1, 0, 32;
    %store/vec4 v0000011e35361850_0, 0, 32;
    %pushi/vec4 10, 0, 5;
    %store/vec4 v0000011e35361030_0, 0, 5;
    %pushi/vec4 101, 0, 32;
    %store/vec4 v0000011e35360130_0, 0, 32;
    %pushi/vec4 1036648448, 0, 32;
    %store/vec4 v0000011e3535f8a0_0, 0, 32;
    %delay 100000, 0;
    %vpi_call 2 122 "$write", "result %b_%b_%b\012", &PV<v0000011e35360ef0_0, 31, 1>, &PV<v0000011e35360ef0_0, 23, 8>, &PV<v0000011e35360ef0_0, 0, 23> {0 0 0};
    %load/vec4 v0000011e3535f8a0_0;
    %load/vec4 v0000011e35360ef0_0;
    %cmp/ne;
    %jmp/0xz  T_5.6, 4;
    %vpi_call 2 124 "$display", "failed: Expected: %b, got %b", v0000011e3535f8a0_0, v0000011e35360ef0_0 {0 0 0};
    %load/vec4 v0000011e3535f9e0_0;
    %addi 1, 0, 32;
    %store/vec4 v0000011e3535f9e0_0, 0, 32;
    %jmp T_5.7;
T_5.6 ;
    %vpi_call 2 127 "$display", "passed" {0 0 0};
T_5.7 ;
    %vpi_call 2 133 "$display", "Test Group 2: Testing Fixed point to floating point... " {0 0 0};
    %pushi/vec4 1, 0, 1;
    %store/vec4 v0000011e35361b70_0, 0, 1;
    %vpi_call 2 136 "$write", "\011Test Case 2.1: 25.25 (0 10000011 1001010,2=>011001.01)..." {0 0 0};
    %load/vec4 v0000011e35361850_0;
    %addi 1, 0, 32;
    %store/vec4 v0000011e35361850_0, 0, 32;
    %pushi/vec4 1, 0, 1;
    %store/vec4 v0000011e35361b70_0, 0, 1;
    %pushi/vec4 2, 0, 5;
    %store/vec4 v0000011e35361030_0, 0, 5;
    %pushi/vec4 1103757312, 0, 32;
    %store/vec4 v0000011e35360130_0, 0, 32;
    %pushi/vec4 101, 0, 32;
    %store/vec4 v0000011e3535f8a0_0, 0, 32;
    %delay 100000, 0;
    %vpi_call 2 144 "$write", "result %b_%b_%b\012", &PV<v0000011e35360ef0_0, 31, 1>, &PV<v0000011e35360ef0_0, 23, 8>, &PV<v0000011e35360ef0_0, 0, 23> {0 0 0};
    %load/vec4 v0000011e3535f8a0_0;
    %load/vec4 v0000011e35360ef0_0;
    %cmp/ne;
    %flag_mov 8, 4;
    %load/vec4 v0000011e35360ef0_0;
    %cmpi/e 0, 4294967295, 32;
    %flag_or 6, 8;
    %jmp/0xz  T_5.8, 6;
    %vpi_call 2 146 "$display", "failed: Expected: %b, got %b", v0000011e3535f8a0_0, v0000011e35360ef0_0 {0 0 0};
    %load/vec4 v0000011e3535f9e0_0;
    %addi 1, 0, 32;
    %store/vec4 v0000011e3535f9e0_0, 0, 32;
    %jmp T_5.9;
T_5.8 ;
    %vpi_call 2 149 "$display", "passed" {0 0 0};
T_5.9 ;
    %vpi_call 2 152 "$write", "\011Test Case 2.2: -25.25 (1 10000011 1001010,2=>011001.01)..." {0 0 0};
    %load/vec4 v0000011e35361850_0;
    %addi 1, 0, 32;
    %store/vec4 v0000011e35361850_0, 0, 32;
    %pushi/vec4 1, 0, 1;
    %store/vec4 v0000011e35361b70_0, 0, 1;
    %pushi/vec4 2, 0, 5;
    %store/vec4 v0000011e35361030_0, 0, 5;
    %pushi/vec4 3251240960, 0, 32;
    %store/vec4 v0000011e35360130_0, 0, 32;
    %pushi/vec4 4294967195, 0, 32;
    %store/vec4 v0000011e3535f8a0_0, 0, 32;
    %delay 100000, 0;
    %vpi_call 2 160 "$write", "result %b_%b_%b\012", &PV<v0000011e35360ef0_0, 31, 1>, &PV<v0000011e35360ef0_0, 23, 8>, &PV<v0000011e35360ef0_0, 0, 23> {0 0 0};
    %load/vec4 v0000011e3535f8a0_0;
    %load/vec4 v0000011e35360ef0_0;
    %cmp/ne;
    %flag_mov 8, 4;
    %load/vec4 v0000011e35360ef0_0;
    %cmpi/e 0, 4294967295, 32;
    %flag_or 6, 8;
    %jmp/0xz  T_5.10, 6;
    %vpi_call 2 162 "$display", "failed: Expected: %b, got %b", v0000011e3535f8a0_0, v0000011e35360ef0_0 {0 0 0};
    %load/vec4 v0000011e3535f9e0_0;
    %addi 1, 0, 32;
    %store/vec4 v0000011e3535f9e0_0, 0, 32;
    %jmp T_5.11;
T_5.10 ;
    %vpi_call 2 165 "$display", "passed" {0 0 0};
T_5.11 ;
    %vpi_call 2 171 "$write", "\012--------------------------------------------------------------" {0 0 0};
    %load/vec4 v0000011e35361850_0;
    %load/vec4 v0000011e3535f9e0_0;
    %sub;
    %vpi_call 2 172 "$write", "\012Testing complete\012Passed %0d / %0d tests", S<0,vec4,s32>, v0000011e35361850_0 {1 0 0};
    %vpi_call 2 173 "$write", "\012--------------------------------------------------------------\012" {0 0 0};
    %vpi_call 2 174 "$finish" {0 0 0};
    %end;
    .thread T_5;
# The file index is used to find the file name in the following table.
:file_names 6;
    "N/A";
    "<interactive>";
    "fixedFloatConversion_tb.v";
    "fixedFloatConversion.V";
    "fixedToFloat.v";
    "floatToFixed.v";
